# JRE version: OpenJDK Runtime Environment Temurin-17.0.11+9 (17.0.11+9) (build 17.0.11+9)
# Java VM: OpenJDK 64-Bit Server VM Temurin-17.0.11+9 (17.0.11+9, mixed mode, tiered, compressed oops, compressed class ptrs, g1 gc, windows-amd64)
GC Precious Log:
 CPUs: 4 total, 4 available
 Memory: 3470M
 Large Page Support: Disabled
 NUMA Support: Disabled
 Compressed Oops: Enabled (Zero based)
 Heap Region Size: 2M
 Heap Min Capacity: 8M
 Heap Initial Capacity: 56M
 Heap Max Capacity: 4G
 Pre-touch: Disabled
 Parallel Workers: 4
 Concurrent Workers: 1
 Concurrent Refinement Workers: 4
 Periodic GC: Disabled
Heap:
 garbage-first heap   total 165888K, used 103394K [0x0000000700000000, 0x0000000800000000)
  region size 2048K, 13 young (26624K), 4 survivors (8192K)
 Metaspace       used 90052K, committed 90944K, reserved 1179648K
  class space    used 12418K, committed 12864K, reserved 1048576K
GC Heap History (20 events):
Event: 82.539 GC heap before
{Heap before GC invocations=52 (full 0):
 garbage-first heap   total 116736K, used 86164K [0x0000000700000000, 0x0000000800000000)
  region size 2048K, 13 young (26624K), 1 survivors (2048K)
 Metaspace       used 72662K, committed 73472K, reserved 1114112K
  class space    used 9929K, committed 10304K, reserved 1048576K
}
Event: 82.549 GC heap after
{Heap after GC invocations=53 (full 0):
 garbage-first heap   total 116736K, used 67269K [0x0000000700000000, 0x0000000800000000)
  region size 2048K, 2 young (4096K), 2 survivors (4096K)
 Metaspace       used 72662K, committed 73472K, reserved 1114112K
  class space    used 9929K, committed 10304K, reserved 1048576K
}
Event: 83.801 GC heap before
{Heap before GC invocations=54 (full 0):
 garbage-first heap   total 133120K, used 85701K [0x0000000700000000, 0x0000000800000000)
  region size 2048K, 12 young (24576K), 2 survivors (4096K)
 Metaspace       used 73511K, committed 74240K, reserved 1114112K
  class space    used 10053K, committed 10432K, reserved 1048576K
}
Event: 83.812 GC heap after
{Heap after GC invocations=55 (full 0):
 garbage-first heap   total 133120K, used 67242K [0x0000000700000000, 0x0000000800000000)
  region size 2048K, 1 young (2048K), 1 survivors (2048K)
 Metaspace       used 73511K, committed 74240K, reserved 1114112K
  class space    used 10053K, committed 10432K, reserved 1048576K
}
Event: 84.229 GC heap before
{Heap before GC invocations=55 (full 0):
 garbage-first heap   total 133120K, used 71338K [0x0000000700000000, 0x0000000800000000)
  region size 2048K, 3 young (6144K), 1 survivors (2048K)
 Metaspace       used 73946K, committed 74624K, reserved 1114112K
  class space    used 10103K, committed 10432K, reserved 1048576K
}
Event: 84.237 GC heap after
{Heap after GC invocations=56 (full 0):
 garbage-first heap   total 133120K, used 67025K [0x0000000700000000, 0x0000000800000000)
  region size 2048K, 1 young (2048K), 1 survivors (2048K)
 Metaspace       used 73946K, committed 74624K, reserved 1114112K
  class space    used 10103K, committed 10432K, reserved 1048576K
}
Event: 86.972 GC heap before
{Heap before GC invocations=56 (full 0):
 garbage-first heap   total 133120K, used 97745K [0x0000000700000000, 0x0000000800000000)
  region size 2048K, 17 young (34816K), 1 survivors (2048K)
 Metaspace       used 76220K, committed 76928K, reserved 1179648K
  class space    used 10357K, committed 10688K, reserved 1048576K
}
Event: 86.981 GC heap after
{Heap after GC invocations=57 (full 0):
 garbage-first heap   total 133120K, used 69551K [0x0000000700000000, 0x0000000800000000)
  region size 2048K, 2 young (4096K), 2 survivors (4096K)
 Metaspace       used 76220K, committed 76928K, reserved 1179648K
  class space    used 10357K, committed 10688K, reserved 1048576K
}
Event: 89.516 GC heap before
{Heap before GC invocations=58 (full 0):
 garbage-first heap   total 133120K, used 102319K [0x0000000700000000, 0x0000000800000000)
  region size 2048K, 18 young (36864K), 2 survivors (4096K)
 Metaspace       used 78781K, committed 79552K, reserved 1179648K
  class space    used 10696K, committed 11072K, reserved 1048576K
}
Event: 89.527 GC heap after
{Heap after GC invocations=59 (full 0):
 garbage-first heap   total 133120K, used 70605K [0x0000000700000000, 0x0000000800000000)
  region size 2048K, 2 young (4096K), 2 survivors (4096K)
 Metaspace       used 78781K, committed 79552K, reserved 1179648K
  class space    used 10696K, committed 11072K, reserved 1048576K
}
Event: 90.369 GC heap before
{Heap before GC invocations=59 (full 0):
 garbage-first heap   total 133120K, used 105421K [0x0000000700000000, 0x0000000800000000)
  region size 2048K, 19 young (38912K), 2 survivors (4096K)
 Metaspace       used 79207K, committed 80064K, reserved 1179648K
  class space    used 10780K, committed 11200K, reserved 1048576K
}
Event: 90.418 GC heap after
{Heap after GC invocations=60 (full 0):
 garbage-first heap   total 133120K, used 73191K [0x0000000700000000, 0x0000000800000000)
  region size 2048K, 3 young (6144K), 3 survivors (6144K)
 Metaspace       used 79207K, committed 80064K, reserved 1179648K
  class space    used 10780K, committed 11200K, reserved 1048576K
}
Event: 93.628 GC heap before
{Heap before GC invocations=60 (full 0):
 garbage-first heap   total 133120K, used 103911K [0x0000000700000000, 0x0000000800000000)
  region size 2048K, 19 young (38912K), 3 survivors (6144K)
 Metaspace       used 80971K, committed 81792K, reserved 1179648K
  class space    used 10992K, committed 11392K, reserved 1048576K
}
Event: 93.655 GC heap after
{Heap after GC invocations=61 (full 0):
 garbage-first heap   total 165888K, used 75521K [0x0000000700000000, 0x0000000800000000)
  region size 2048K, 3 young (6144K), 3 survivors (6144K)
 Metaspace       used 80971K, committed 81792K, reserved 1179648K
  class space    used 10992K, committed 11392K, reserved 1048576K
}
Event: 96.294 GC heap before
{Heap before GC invocations=61 (full 0):
 garbage-first heap   total 165888K, used 128769K [0x0000000700000000, 0x0000000800000000)
  region size 2048K, 29 young (59392K), 3 survivors (6144K)
 Metaspace       used 82029K, committed 82880K, reserved 1179648K
  class space    used 11117K, committed 11520K, reserved 1048576K
}
Event: 96.324 GC heap after
{Heap after GC invocations=62 (full 0):
 garbage-first heap   total 165888K, used 78632K [0x0000000700000000, 0x0000000800000000)
  region size 2048K, 3 young (6144K), 3 survivors (6144K)
 Metaspace       used 82029K, committed 82880K, reserved 1179648K
  class space    used 11117K, committed 11520K, reserved 1048576K
}
Event: 99.751 GC heap before
{Heap before GC invocations=62 (full 0):
 garbage-first heap   total 165888K, used 133928K [0x0000000700000000, 0x0000000800000000)
  region size 2048K, 30 young (61440K), 3 survivors (6144K)
 Metaspace       used 86819K, committed 87680K, reserved 1179648K
  class space    used 11969K, committed 12416K, reserved 1048576K
}
Event: 99.764 GC heap after
{Heap after GC invocations=63 (full 0):
 garbage-first heap   total 165888K, used 81713K [0x0000000700000000, 0x0000000800000000)
  region size 2048K, 4 young (8192K), 4 survivors (8192K)
 Metaspace       used 86819K, committed 87680K, reserved 1179648K
  class space    used 11969K, committed 12416K, reserved 1048576K
}
Event: 101.715 GC heap before
{Heap before GC invocations=63 (full 0):
 garbage-first heap   total 165888K, used 130865K [0x0000000700000000, 0x0000000800000000)
  region size 2048K, 29 young (59392K), 4 survivors (8192K)
 Metaspace       used 88560K, committed 89472K, reserved 1179648K
  class space    used 12208K, committed 12608K, reserved 1048576K
}
Event: 101.734 GC heap after
{Heap after GC invocations=64 (full 0):
 garbage-first heap   total 165888K, used 87010K [0x0000000700000000, 0x0000000800000000)
  region size 2048K, 4 young (8192K), 4 survivors (8192K)
 Metaspace       used 88560K, committed 89472K, reserved 1179648K
  class space    used 12208K, committed 12608K, reserved 1048576K
}

