# JRE version: OpenJDK Runtime Environment Temurin-17.0.11+9 (17.0.11+9) (build 17.0.11+9)
# Java VM: OpenJDK 64-Bit Server VM Temurin-17.0.11+9 (17.0.11+9, mixed mode, tiered, compressed oops, compressed class ptrs, parallel gc, windows-amd64)
GC Precious Log:
 CPUs: 4 total, 4 available
 Memory: 3470M
 Large Page Support: Disabled
 NUMA Support: Disabled
 Compressed Oops: Enabled (32-bit)
 Alignments: Space 512K, Generation 512K, Heap 2M
 Heap Min Capacity: 100M
 Heap Initial Capacity: 100M
 Heap Max Capacity: 1G
 Pre-touch: Disabled
 Parallel Workers: 4
Heap:
 PSYoungGen      total 23040K, used 12423K [0x00000000eab00000, 0x00000000ec600000, 0x0000000100000000)
  eden space 22016K, 53% used [0x00000000eab00000,0x00000000eb675c90,0x00000000ec080000)
  from space 1024K, 67% used [0x00000000ec500000,0x00000000ec5ac010,0x00000000ec600000)
  to   space 1536K, 0% used [0x00000000ec300000,0x00000000ec300000,0x00000000ec480000)
 ParOldGen       total 68608K, used 21099K [0x00000000c0000000, 0x00000000c4300000, 0x00000000eab00000)
  object space 68608K, 30% used [0x00000000c0000000,0x00000000c149aff0,0x00000000c4300000)
 Metaspace       used 53319K, committed 54336K, reserved 1114112K
  class space    used 5915K, committed 6336K, reserved 1048576K
GC Heap History (20 events):
Event: 16.303 GC heap before
{Heap before GC invocations=11 (full 1):
 PSYoungGen      total 26624K, used 26612K [0x00000000eab00000, 0x00000000ecc00000, 0x0000000100000000)
  eden space 23552K, 100% used [0x00000000eab00000,0x00000000ec200000,0x00000000ec200000)
  from space 3072K, 99% used [0x00000000ec500000,0x00000000ec7fd1e8,0x00000000ec800000)
  to   space 4096K, 0% used [0x00000000ec800000,0x00000000ec800000,0x00000000ecc00000)
 ParOldGen       total 68608K, used 12909K [0x00000000c0000000, 0x00000000c4300000, 0x00000000eab00000)
  object space 68608K, 18% used [0x00000000c0000000,0x00000000c0c9b7a8,0x00000000c4300000)
 Metaspace       used 34757K, committed 35520K, reserved 1114112K
  class space    used 3451K, committed 3776K, reserved 1048576K
}
Event: 16.307 GC heap after
{Heap after GC invocations=11 (full 1):
 PSYoungGen      total 25088K, used 1865K [0x00000000eab00000, 0x00000000eca00000, 0x0000000100000000)
  eden space 23040K, 0% used [0x00000000eab00000,0x00000000eab00000,0x00000000ec180000)
  from space 2048K, 91% used [0x00000000ec800000,0x00000000ec9d24b0,0x00000000eca00000)
  to   space 3072K, 0% used [0x00000000ec400000,0x00000000ec400000,0x00000000ec700000)
 ParOldGen       total 68608K, used 14837K [0x00000000c0000000, 0x00000000c4300000, 0x00000000eab00000)
  object space 68608K, 21% used [0x00000000c0000000,0x00000000c0e7d618,0x00000000c4300000)
 Metaspace       used 34757K, committed 35520K, reserved 1114112K
  class space    used 3451K, committed 3776K, reserved 1048576K
}
Event: 16.416 GC heap before
{Heap before GC invocations=12 (full 1):
 PSYoungGen      total 25088K, used 4570K [0x00000000eab00000, 0x00000000eca00000, 0x0000000100000000)
  eden space 23040K, 11% used [0x00000000eab00000,0x00000000eada43e0,0x00000000ec180000)
  from space 2048K, 91% used [0x00000000ec800000,0x00000000ec9d24b0,0x00000000eca00000)
  to   space 3072K, 0% used [0x00000000ec400000,0x00000000ec400000,0x00000000ec700000)
 ParOldGen       total 68608K, used 14837K [0x00000000c0000000, 0x00000000c4300000, 0x00000000eab00000)
  object space 68608K, 21% used [0x00000000c0000000,0x00000000c0e7d618,0x00000000c4300000)
 Metaspace       used 35138K, committed 35840K, reserved 1114112K
  class space    used 3485K, committed 3776K, reserved 1048576K
}
Event: 16.419 GC heap after
{Heap after GC invocations=12 (full 1):
 PSYoungGen      total 26112K, used 298K [0x00000000eab00000, 0x00000000ec880000, 0x0000000100000000)
  eden space 23040K, 0% used [0x00000000eab00000,0x00000000eab00000,0x00000000ec180000)
  from space 3072K, 9% used [0x00000000ec400000,0x00000000ec44abf8,0x00000000ec700000)
  to   space 1536K, 0% used [0x00000000ec700000,0x00000000ec700000,0x00000000ec880000)
 ParOldGen       total 68608K, used 16565K [0x00000000c0000000, 0x00000000c4300000, 0x00000000eab00000)
  object space 68608K, 24% used [0x00000000c0000000,0x00000000c102d488,0x00000000c4300000)
 Metaspace       used 35138K, committed 35840K, reserved 1114112K
  class space    used 3485K, committed 3776K, reserved 1048576K
}
Event: 16.419 GC heap before
{Heap before GC invocations=13 (full 2):
 PSYoungGen      total 26112K, used 298K [0x00000000eab00000, 0x00000000ec880000, 0x0000000100000000)
  eden space 23040K, 0% used [0x00000000eab00000,0x00000000eab00000,0x00000000ec180000)
  from space 3072K, 9% used [0x00000000ec400000,0x00000000ec44abf8,0x00000000ec700000)
  to   space 1536K, 0% used [0x00000000ec700000,0x00000000ec700000,0x00000000ec880000)
 ParOldGen       total 68608K, used 16565K [0x00000000c0000000, 0x00000000c4300000, 0x00000000eab00000)
  object space 68608K, 24% used [0x00000000c0000000,0x00000000c102d488,0x00000000c4300000)
 Metaspace       used 35138K, committed 35840K, reserved 1114112K
  class space    used 3485K, committed 3776K, reserved 1048576K
}
Event: 16.465 GC heap after
{Heap after GC invocations=13 (full 2):
 PSYoungGen      total 26112K, used 0K [0x00000000eab00000, 0x00000000ec880000, 0x0000000100000000)
  eden space 23040K, 0% used [0x00000000eab00000,0x00000000eab00000,0x00000000ec180000)
  from space 3072K, 0% used [0x00000000ec400000,0x00000000ec400000,0x00000000ec700000)
  to   space 1536K, 0% used [0x00000000ec700000,0x00000000ec700000,0x00000000ec880000)
 ParOldGen       total 68608K, used 15002K [0x00000000c0000000, 0x00000000c4300000, 0x00000000eab00000)
  object space 68608K, 21% used [0x00000000c0000000,0x00000000c0ea69f0,0x00000000c4300000)
 Metaspace       used 35134K, committed 35840K, reserved 1114112K
  class space    used 3484K, committed 3776K, reserved 1048576K
}
Event: 17.135 GC heap before
{Heap before GC invocations=14 (full 2):
 PSYoungGen      total 26112K, used 23040K [0x00000000eab00000, 0x00000000ec880000, 0x0000000100000000)
  eden space 23040K, 100% used [0x00000000eab00000,0x00000000ec180000,0x00000000ec180000)
  from space 3072K, 0% used [0x00000000ec400000,0x00000000ec400000,0x00000000ec700000)
  to   space 1536K, 0% used [0x00000000ec700000,0x00000000ec700000,0x00000000ec880000)
 ParOldGen       total 68608K, used 15002K [0x00000000c0000000, 0x00000000c4300000, 0x00000000eab00000)
  object space 68608K, 21% used [0x00000000c0000000,0x00000000c0ea69f0,0x00000000c4300000)
 Metaspace       used 38775K, committed 39552K, reserved 1114112K
  class space    used 3964K, committed 4288K, reserved 1048576K
}
Event: 17.137 GC heap after
{Heap after GC invocations=14 (full 2):
 PSYoungGen      total 23552K, used 934K [0x00000000eab00000, 0x00000000ec800000, 0x0000000100000000)
  eden space 22528K, 0% used [0x00000000eab00000,0x00000000eab00000,0x00000000ec100000)
  from space 1024K, 91% used [0x00000000ec700000,0x00000000ec7e9b48,0x00000000ec800000)
  to   space 1536K, 0% used [0x00000000ec500000,0x00000000ec500000,0x00000000ec680000)
 ParOldGen       total 68608K, used 15010K [0x00000000c0000000, 0x00000000c4300000, 0x00000000eab00000)
  object space 68608K, 21% used [0x00000000c0000000,0x00000000c0ea89f0,0x00000000c4300000)
 Metaspace       used 38775K, committed 39552K, reserved 1114112K
  class space    used 3964K, committed 4288K, reserved 1048576K
}
Event: 17.685 GC heap before
{Heap before GC invocations=15 (full 2):
 PSYoungGen      total 23552K, used 23462K [0x00000000eab00000, 0x00000000ec800000, 0x0000000100000000)
  eden space 22528K, 100% used [0x00000000eab00000,0x00000000ec100000,0x00000000ec100000)
  from space 1024K, 91% used [0x00000000ec700000,0x00000000ec7e9b48,0x00000000ec800000)
  to   space 1536K, 0% used [0x00000000ec500000,0x00000000ec500000,0x00000000ec680000)
 ParOldGen       total 68608K, used 15010K [0x00000000c0000000, 0x00000000c4300000, 0x00000000eab00000)
  object space 68608K, 21% used [0x00000000c0000000,0x00000000c0ea89f0,0x00000000c4300000)
 Metaspace       used 40642K, committed 41600K, reserved 1114112K
  class space    used 4193K, committed 4608K, reserved 1048576K
}
Event: 17.687 GC heap after
{Heap after GC invocations=15 (full 2):
 PSYoungGen      total 23552K, used 693K [0x00000000eab00000, 0x00000000ec780000, 0x0000000100000000)
  eden space 22016K, 0% used [0x00000000eab00000,0x00000000eab00000,0x00000000ec080000)
  from space 1536K, 45% used [0x00000000ec500000,0x00000000ec5ad6a0,0x00000000ec680000)
  to   space 1024K, 0% used [0x00000000ec680000,0x00000000ec680000,0x00000000ec780000)
 ParOldGen       total 68608K, used 15816K [0x00000000c0000000, 0x00000000c4300000, 0x00000000eab00000)
  object space 68608K, 23% used [0x00000000c0000000,0x00000000c0f72268,0x00000000c4300000)
 Metaspace       used 40642K, committed 41600K, reserved 1114112K
  class space    used 4193K, committed 4608K, reserved 1048576K
}
Event: 18.410 GC heap before
{Heap before GC invocations=16 (full 2):
 PSYoungGen      total 23552K, used 22709K [0x00000000eab00000, 0x00000000ec780000, 0x0000000100000000)
  eden space 22016K, 100% used [0x00000000eab00000,0x00000000ec080000,0x00000000ec080000)
  from space 1536K, 45% used [0x00000000ec500000,0x00000000ec5ad6a0,0x00000000ec680000)
  to   space 1024K, 0% used [0x00000000ec680000,0x00000000ec680000,0x00000000ec780000)
 ParOldGen       total 68608K, used 15816K [0x00000000c0000000, 0x00000000c4300000, 0x00000000eab00000)
  object space 68608K, 23% used [0x00000000c0000000,0x00000000c0f72268,0x00000000c4300000)
 Metaspace       used 42759K, committed 43712K, reserved 1114112K
  class space    used 4477K, committed 4864K, reserved 1048576K
}
Event: 18.412 GC heap after
{Heap after GC invocations=16 (full 2):
 PSYoungGen      total 23040K, used 647K [0x00000000eab00000, 0x00000000ec780000, 0x0000000100000000)
  eden space 22016K, 0% used [0x00000000eab00000,0x00000000eab00000,0x00000000ec080000)
  from space 1024K, 63% used [0x00000000ec680000,0x00000000ec721d20,0x00000000ec780000)
  to   space 1024K, 0% used [0x00000000ec580000,0x00000000ec580000,0x00000000ec680000)
 ParOldGen       total 68608K, used 16424K [0x00000000c0000000, 0x00000000c4300000, 0x00000000eab00000)
  object space 68608K, 23% used [0x00000000c0000000,0x00000000c100a178,0x00000000c4300000)
 Metaspace       used 42759K, committed 43712K, reserved 1114112K
  class space    used 4477K, committed 4864K, reserved 1048576K
}
Event: 19.251 GC heap before
{Heap before GC invocations=17 (full 2):
 PSYoungGen      total 23040K, used 22655K [0x00000000eab00000, 0x00000000ec780000, 0x0000000100000000)
  eden space 22016K, 99% used [0x00000000eab00000,0x00000000ec07e038,0x00000000ec080000)
  from space 1024K, 63% used [0x00000000ec680000,0x00000000ec721d20,0x00000000ec780000)
  to   space 1024K, 0% used [0x00000000ec580000,0x00000000ec580000,0x00000000ec680000)
 ParOldGen       total 68608K, used 16424K [0x00000000c0000000, 0x00000000c4300000, 0x00000000eab00000)
  object space 68608K, 23% used [0x00000000c0000000,0x00000000c100a178,0x00000000c4300000)
 Metaspace       used 45382K, committed 46336K, reserved 1114112K
  class space    used 4827K, committed 5248K, reserved 1048576K
}
Event: 19.255 GC heap after
{Heap after GC invocations=17 (full 2):
 PSYoungGen      total 23040K, used 1024K [0x00000000eab00000, 0x00000000ec700000, 0x0000000100000000)
  eden space 22016K, 0% used [0x00000000eab00000,0x00000000eab00000,0x00000000ec080000)
  from space 1024K, 100% used [0x00000000ec580000,0x00000000ec680000,0x00000000ec680000)
  to   space 512K, 0% used [0x00000000ec680000,0x00000000ec680000,0x00000000ec700000)
 ParOldGen       total 68608K, used 16976K [0x00000000c0000000, 0x00000000c4300000, 0x00000000eab00000)
  object space 68608K, 24% used [0x00000000c0000000,0x00000000c1094178,0x00000000c4300000)
 Metaspace       used 45382K, committed 46336K, reserved 1114112K
  class space    used 4827K, committed 5248K, reserved 1048576K
}
Event: 20.354 GC heap before
{Heap before GC invocations=18 (full 2):
 PSYoungGen      total 23040K, used 23040K [0x00000000eab00000, 0x00000000ec700000, 0x0000000100000000)
  eden space 22016K, 100% used [0x00000000eab00000,0x00000000ec080000,0x00000000ec080000)
  from space 1024K, 100% used [0x00000000ec580000,0x00000000ec680000,0x00000000ec680000)
  to   space 512K, 0% used [0x00000000ec680000,0x00000000ec680000,0x00000000ec700000)
 ParOldGen       total 68608K, used 16976K [0x00000000c0000000, 0x00000000c4300000, 0x00000000eab00000)
  object space 68608K, 24% used [0x00000000c0000000,0x00000000c1094178,0x00000000c4300000)
 Metaspace       used 48022K, committed 48960K, reserved 1114112K
  class space    used 5176K, committed 5568K, reserved 1048576K
}
Event: 20.359 GC heap after
{Heap after GC invocations=18 (full 2):
 PSYoungGen      total 22528K, used 512K [0x00000000eab00000, 0x00000000ec700000, 0x0000000100000000)
  eden space 22016K, 0% used [0x00000000eab00000,0x00000000eab00000,0x00000000ec080000)
  from space 512K, 100% used [0x00000000ec680000,0x00000000ec700000,0x00000000ec700000)
  to   space 2560K, 0% used [0x00000000ec200000,0x00000000ec200000,0x00000000ec480000)
 ParOldGen       total 68608K, used 18717K [0x00000000c0000000, 0x00000000c4300000, 0x00000000eab00000)
  object space 68608K, 27% used [0x00000000c0000000,0x00000000c1247468,0x00000000c4300000)
 Metaspace       used 48022K, committed 48960K, reserved 1114112K
  class space    used 5176K, committed 5568K, reserved 1048576K
}
Event: 21.599 GC heap before
{Heap before GC invocations=19 (full 2):
 PSYoungGen      total 22528K, used 22528K [0x00000000eab00000, 0x00000000ec700000, 0x0000000100000000)
  eden space 22016K, 100% used [0x00000000eab00000,0x00000000ec080000,0x00000000ec080000)
  from space 512K, 100% used [0x00000000ec680000,0x00000000ec700000,0x00000000ec700000)
  to   space 2560K, 0% used [0x00000000ec200000,0x00000000ec200000,0x00000000ec480000)
 ParOldGen       total 68608K, used 18717K [0x00000000c0000000, 0x00000000c4300000, 0x00000000eab00000)
  object space 68608K, 27% used [0x00000000c0000000,0x00000000c1247468,0x00000000c4300000)
 Metaspace       used 50492K, committed 51520K, reserved 1114112K
  class space    used 5521K, committed 5952K, reserved 1048576K
}
Event: 21.603 GC heap after
{Heap after GC invocations=19 (full 2):
 PSYoungGen      total 24576K, used 1933K [0x00000000eab00000, 0x00000000ec700000, 0x0000000100000000)
  eden space 22016K, 0% used [0x00000000eab00000,0x00000000eab00000,0x00000000ec080000)
  from space 2560K, 75% used [0x00000000ec200000,0x00000000ec3e36d0,0x00000000ec480000)
  to   space 2048K, 0% used [0x00000000ec500000,0x00000000ec500000,0x00000000ec700000)
 ParOldGen       total 68608K, used 19237K [0x00000000c0000000, 0x00000000c4300000, 0x00000000eab00000)
  object space 68608K, 28% used [0x00000000c0000000,0x00000000c12c9468,0x00000000c4300000)
 Metaspace       used 50492K, committed 51520K, reserved 1114112K
  class space    used 5521K, committed 5952K, reserved 1048576K
}
Event: 22.389 GC heap before
{Heap before GC invocations=20 (full 2):
 PSYoungGen      total 24576K, used 23949K [0x00000000eab00000, 0x00000000ec700000, 0x0000000100000000)
  eden space 22016K, 100% used [0x00000000eab00000,0x00000000ec080000,0x00000000ec080000)
  from space 2560K, 75% used [0x00000000ec200000,0x00000000ec3e36d0,0x00000000ec480000)
  to   space 2048K, 0% used [0x00000000ec500000,0x00000000ec500000,0x00000000ec700000)
 ParOldGen       total 68608K, used 19237K [0x00000000c0000000, 0x00000000c4300000, 0x00000000eab00000)
  object space 68608K, 28% used [0x00000000c0000000,0x00000000c12c9468,0x00000000c4300000)
 Metaspace       used 53024K, committed 54080K, reserved 1114112K
  class space    used 5872K, committed 6336K, reserved 1048576K
}
Event: 22.396 GC heap after
{Heap after GC invocations=20 (full 2):
 PSYoungGen      total 23040K, used 688K [0x00000000eab00000, 0x00000000ec600000, 0x0000000100000000)
  eden space 22016K, 0% used [0x00000000eab00000,0x00000000eab00000,0x00000000ec080000)
  from space 1024K, 67% used [0x00000000ec500000,0x00000000ec5ac010,0x00000000ec600000)
  to   space 1536K, 0% used [0x00000000ec300000,0x00000000ec300000,0x00000000ec480000)
 ParOldGen       total 68608K, used 21099K [0x00000000c0000000, 0x00000000c4300000, 0x00000000eab00000)
  object space 68608K, 30% used [0x00000000c0000000,0x00000000c149aff0,0x00000000c4300000)
 Metaspace       used 53024K, committed 54080K, reserved 1114112K
  class space    used 5872K, committed 6336K, reserved 1048576K
}

