# JRE version: OpenJDK Runtime Environment Temurin-17.0.11+9 (17.0.11+9) (build 17.0.11+9)
# Java VM: OpenJDK 64-Bit Server VM Temurin-17.0.11+9 (17.0.11+9, mixed mode, tiered, compressed oops, compressed class ptrs, g1 gc, windows-amd64)
GC Precious Log:
 CPUs: 4 total, 4 available
 Memory: 3470M
 Large Page Support: Disabled
 NUMA Support: Disabled
 Compressed Oops: Enabled (Zero based)
 Heap Region Size: 2M
 Heap Min Capacity: 8M
 Heap Initial Capacity: 56M
 Heap Max Capacity: 4G
 Pre-touch: Disabled
 Parallel Workers: 4
 Concurrent Workers: 1
 Concurrent Refinement Workers: 4
 Periodic GC: Disabled
Heap:
 garbage-first heap   total 106496K, used 74953K [0x0000000700000000, 0x0000000800000000)
  region size 2048K, 8 young (16384K), 1 survivors (2048K)
 Metaspace       used 66597K, committed 67264K, reserved 1114112K
  class space    used 9196K, committed 9536K, reserved 1048576K
GC Heap History (20 events):
Event: 54.534 GC heap before
{Heap before GC invocations=32 (full 0):
 garbage-first heap   total 71680K, used 53851K [0x0000000700000000, 0x0000000800000000)
  region size 2048K, 10 young (20480K), 2 survivors (4096K)
 Metaspace       used 55138K, committed 55680K, reserved 1114112K
  class space    used 7517K, committed 7808K, reserved 1048576K
}
Event: 54.542 GC heap after
{Heap after GC invocations=33 (full 0):
 garbage-first heap   total 71680K, used 40056K [0x0000000700000000, 0x0000000800000000)
  region size 2048K, 2 young (4096K), 2 survivors (4096K)
 Metaspace       used 55138K, committed 55680K, reserved 1114112K
  class space    used 7517K, committed 7808K, reserved 1048576K
}
Event: 55.931 GC heap before
{Heap before GC invocations=34 (full 0):
 garbage-first heap   total 75776K, used 54392K [0x0000000700000000, 0x0000000800000000)
  region size 2048K, 10 young (20480K), 2 survivors (4096K)
 Metaspace       used 56922K, committed 57536K, reserved 1114112K
  class space    used 7739K, committed 8064K, reserved 1048576K
}
Event: 55.939 GC heap after
{Heap after GC invocations=35 (full 0):
 garbage-first heap   total 75776K, used 41237K [0x0000000700000000, 0x0000000800000000)
  region size 2048K, 2 young (4096K), 2 survivors (4096K)
 Metaspace       used 56922K, committed 57536K, reserved 1114112K
  class space    used 7739K, committed 8064K, reserved 1048576K
}
Event: 58.865 GC heap before
{Heap before GC invocations=35 (full 0):
 garbage-first heap   total 75776K, used 59669K [0x0000000700000000, 0x0000000800000000)
  region size 2048K, 11 young (22528K), 2 survivors (4096K)
 Metaspace       used 58656K, committed 59264K, reserved 1114112K
  class space    used 8004K, committed 8320K, reserved 1048576K
}
Event: 58.875 GC heap after
{Heap after GC invocations=36 (full 0):
 garbage-first heap   total 75776K, used 42069K [0x0000000700000000, 0x0000000800000000)
  region size 2048K, 2 young (4096K), 2 survivors (4096K)
 Metaspace       used 58656K, committed 59264K, reserved 1114112K
  class space    used 8004K, committed 8320K, reserved 1048576K
}
Event: 61.884 GC heap before
{Heap before GC invocations=37 (full 0):
 garbage-first heap   total 79872K, used 60501K [0x0000000700000000, 0x0000000800000000)
  region size 2048K, 11 young (22528K), 2 survivors (4096K)
 Metaspace       used 60840K, committed 61504K, reserved 1114112K
  class space    used 8337K, committed 8640K, reserved 1048576K
}
Event: 61.894 GC heap after
{Heap after GC invocations=38 (full 0):
 garbage-first heap   total 79872K, used 43222K [0x0000000700000000, 0x0000000800000000)
  region size 2048K, 2 young (4096K), 2 survivors (4096K)
 Metaspace       used 60840K, committed 61504K, reserved 1114112K
  class space    used 8337K, committed 8640K, reserved 1048576K
}
Event: 63.699 GC heap before
{Heap before GC invocations=38 (full 0):
 garbage-first heap   total 79872K, used 63702K [0x0000000700000000, 0x0000000800000000)
  region size 2048K, 12 young (24576K), 2 survivors (4096K)
 Metaspace       used 62579K, committed 63168K, reserved 1114112K
  class space    used 8626K, committed 8896K, reserved 1048576K
}
Event: 63.716 GC heap after
{Heap after GC invocations=39 (full 0):
 garbage-first heap   total 79872K, used 44390K [0x0000000700000000, 0x0000000800000000)
  region size 2048K, 2 young (4096K), 2 survivors (4096K)
 Metaspace       used 62579K, committed 63168K, reserved 1114112K
  class space    used 8626K, committed 8896K, reserved 1048576K
}
Event: 71.281 GC heap before
{Heap before GC invocations=40 (full 0):
 garbage-first heap   total 81920K, used 64870K [0x0000000700000000, 0x0000000800000000)
  region size 2048K, 12 young (24576K), 2 survivors (4096K)
 Metaspace       used 64187K, committed 64832K, reserved 1114112K
  class space    used 8893K, committed 9216K, reserved 1048576K
}
Event: 71.297 GC heap after
{Heap after GC invocations=41 (full 0):
 garbage-first heap   total 81920K, used 46842K [0x0000000700000000, 0x0000000800000000)
  region size 2048K, 2 young (4096K), 2 survivors (4096K)
 Metaspace       used 64187K, committed 64832K, reserved 1114112K
  class space    used 8893K, committed 9216K, reserved 1048576K
}
Event: 75.398 GC heap before
{Heap before GC invocations=41 (full 0):
 garbage-first heap   total 81920K, used 65274K [0x0000000700000000, 0x0000000800000000)
  region size 2048K, 12 young (24576K), 2 survivors (4096K)
 Metaspace       used 64397K, committed 65024K, reserved 1114112K
  class space    used 8898K, committed 9216K, reserved 1048576K
}
Event: 75.415 GC heap after
{Heap after GC invocations=42 (full 0):
 garbage-first heap   total 81920K, used 50907K [0x0000000700000000, 0x0000000800000000)
  region size 2048K, 2 young (4096K), 2 survivors (4096K)
 Metaspace       used 64397K, committed 65024K, reserved 1114112K
  class space    used 8898K, committed 9216K, reserved 1048576K
}
Event: 84.271 GC heap before
{Heap before GC invocations=43 (full 0):
 garbage-first heap   total 90112K, used 52955K [0x0000000700000000, 0x0000000800000000)
  region size 2048K, 4 young (8192K), 2 survivors (4096K)
 Metaspace       used 64412K, committed 65088K, reserved 1114112K
  class space    used 8899K, committed 9216K, reserved 1048576K
}
Event: 84.280 GC heap after
{Heap after GC invocations=44 (full 0):
 garbage-first heap   total 90112K, used 51985K [0x0000000700000000, 0x0000000800000000)
  region size 2048K, 1 young (2048K), 1 survivors (2048K)
 Metaspace       used 64412K, committed 65088K, reserved 1114112K
  class space    used 8899K, committed 9216K, reserved 1048576K
}
Event: 96.221 GC heap before
{Heap before GC invocations=45 (full 0):
 garbage-first heap   total 100352K, used 56081K [0x0000000700000000, 0x0000000800000000)
  region size 2048K, 3 young (6144K), 1 survivors (2048K)
 Metaspace       used 64417K, committed 65088K, reserved 1114112K
  class space    used 8899K, committed 9216K, reserved 1048576K
}
Event: 96.230 GC heap after
{Heap after GC invocations=46 (full 0):
 garbage-first heap   total 100352K, used 58195K [0x0000000700000000, 0x0000000800000000)
  region size 2048K, 1 young (2048K), 1 survivors (2048K)
 Metaspace       used 64417K, committed 65088K, reserved 1114112K
  class space    used 8899K, committed 9216K, reserved 1048576K
}
Event: 106.988 GC heap before
{Heap before GC invocations=47 (full 0):
 garbage-first heap   total 106496K, used 72531K [0x0000000700000000, 0x0000000800000000)
  region size 2048K, 7 young (14336K), 1 survivors (2048K)
 Metaspace       used 65006K, committed 65664K, reserved 1114112K
  class space    used 8995K, committed 9344K, reserved 1048576K
}
Event: 106.998 GC heap after
{Heap after GC invocations=48 (full 0):
 garbage-first heap   total 106496K, used 62665K [0x0000000700000000, 0x0000000800000000)
  region size 2048K, 1 young (2048K), 1 survivors (2048K)
 Metaspace       used 65006K, committed 65664K, reserved 1114112K
  class space    used 8995K, committed 9344K, reserved 1048576K
}

