# JRE version: OpenJDK Runtime Environment Temurin-17.0.11+9 (17.0.11+9) (build 17.0.11+9)
# Java VM: OpenJDK 64-Bit Server VM Temurin-17.0.11+9 (17.0.11+9, mixed mode, tiered, compressed oops, compressed class ptrs, g1 gc, windows-amd64)
GC Precious Log:
 CPUs: 4 total, 4 available
 Memory: 3470M
 Large Page Support: Disabled
 NUMA Support: Disabled
 Compressed Oops: Enabled (Zero based)
 Heap Region Size: 2M
 Heap Min Capacity: 8M
 Heap Initial Capacity: 56M
 Heap Max Capacity: 4G
 Pre-touch: Disabled
 Parallel Workers: 4
 Concurrent Workers: 1
 Concurrent Refinement Workers: 4
 Periodic GC: Disabled
Heap:
 garbage-first heap   total 495616K, used 269028K [0x0000000700000000, 0x0000000800000000)
  region size 2048K, 76 young (155648K), 1 survivors (2048K)
 Metaspace       used 129707K, committed 130496K, reserved 1179648K
  class space    used 16921K, committed 17280K, reserved 1048576K
GC Heap History (20 events):
Event: 203.744 GC heap before
{Heap before GC invocations=80 (full 0):
 garbage-first heap   total 495616K, used 388296K [0x0000000700000000, 0x0000000800000000)
  region size 2048K, 145 young (296960K), 1 survivors (2048K)
 Metaspace       used 114663K, committed 115328K, reserved 1179648K
  class space    used 15115K, committed 15424K, reserved 1048576K
}
Event: 203.904 GC heap after
{Heap after GC invocations=81 (full 0):
 garbage-first heap   total 495616K, used 96053K [0x0000000700000000, 0x0000000800000000)
  region size 2048K, 2 young (4096K), 2 survivors (4096K)
 Metaspace       used 114663K, committed 115328K, reserved 1179648K
  class space    used 15115K, committed 15424K, reserved 1048576K
}
Event: 233.369 GC heap before
{Heap before GC invocations=81 (full 0):
 garbage-first heap   total 495616K, used 388917K [0x0000000700000000, 0x0000000800000000)
  region size 2048K, 145 young (296960K), 2 survivors (4096K)
 Metaspace       used 114675K, committed 115328K, reserved 1179648K
  class space    used 15115K, committed 15424K, reserved 1048576K
}
Event: 233.423 GC heap after
{Heap after GC invocations=82 (full 0):
 garbage-first heap   total 495616K, used 89392K [0x0000000700000000, 0x0000000800000000)
  region size 2048K, 1 young (2048K), 1 survivors (2048K)
 Metaspace       used 114675K, committed 115328K, reserved 1179648K
  class space    used 15115K, committed 15424K, reserved 1048576K
}
Event: 260.913 GC heap before
{Heap before GC invocations=82 (full 0):
 garbage-first heap   total 495616K, used 392496K [0x0000000700000000, 0x0000000800000000)
  region size 2048K, 145 young (296960K), 1 survivors (2048K)
 Metaspace       used 114779K, committed 115456K, reserved 1179648K
  class space    used 15132K, committed 15424K, reserved 1048576K
}
Event: 261.008 GC heap after
{Heap after GC invocations=83 (full 0):
 garbage-first heap   total 495616K, used 105991K [0x0000000700000000, 0x0000000800000000)
  region size 2048K, 6 young (12288K), 6 survivors (12288K)
 Metaspace       used 114779K, committed 115456K, reserved 1179648K
  class space    used 15132K, committed 15424K, reserved 1048576K
}
Event: 301.334 GC heap before
{Heap before GC invocations=83 (full 0):
 garbage-first heap   total 495616K, used 388615K [0x0000000700000000, 0x0000000800000000)
  region size 2048K, 145 young (296960K), 6 survivors (12288K)
 Metaspace       used 129345K, committed 130176K, reserved 1179648K
  class space    used 16904K, committed 17280K, reserved 1048576K
}
Event: 302.051 GC heap after
{Heap after GC invocations=84 (full 0):
 garbage-first heap   total 495616K, used 117372K [0x0000000700000000, 0x0000000800000000)
  region size 2048K, 12 young (24576K), 12 survivors (24576K)
 Metaspace       used 129345K, committed 130176K, reserved 1179648K
  class space    used 16904K, committed 17280K, reserved 1048576K
}
Event: 304.255 GC heap before
{Heap before GC invocations=84 (full 0):
 garbage-first heap   total 495616K, used 133756K [0x0000000700000000, 0x0000000800000000)
  region size 2048K, 20 young (40960K), 12 survivors (24576K)
 Metaspace       used 129471K, committed 130304K, reserved 1179648K
  class space    used 16904K, committed 17280K, reserved 1048576K
}
Event: 304.480 GC heap after
{Heap after GC invocations=85 (full 0):
 garbage-first heap   total 495616K, used 119226K [0x0000000700000000, 0x0000000800000000)
  region size 2048K, 1 young (2048K), 1 survivors (2048K)
 Metaspace       used 129471K, committed 130304K, reserved 1179648K
  class space    used 16904K, committed 17280K, reserved 1048576K
}
Event: 370.066 GC heap before
{Heap before GC invocations=85 (full 0):
 garbage-first heap   total 495616K, used 414138K [0x0000000700000000, 0x0000000800000000)
  region size 2048K, 145 young (296960K), 1 survivors (2048K)
 Metaspace       used 129676K, committed 130496K, reserved 1179648K
  class space    used 16920K, committed 17280K, reserved 1048576K
}
Event: 370.247 GC heap after
{Heap after GC invocations=86 (full 0):
 garbage-first heap   total 495616K, used 117773K [0x0000000700000000, 0x0000000800000000)
  region size 2048K, 1 young (2048K), 1 survivors (2048K)
 Metaspace       used 129676K, committed 130496K, reserved 1179648K
  class space    used 16920K, committed 17280K, reserved 1048576K
}
Event: 371.933 GC heap before
{Heap before GC invocations=86 (full 0):
 garbage-first heap   total 495616K, used 140301K [0x0000000700000000, 0x0000000800000000)
  region size 2048K, 12 young (24576K), 1 survivors (2048K)
 Metaspace       used 129677K, committed 130496K, reserved 1179648K
  class space    used 16921K, committed 17280K, reserved 1048576K
}
Event: 371.938 GC heap after
{Heap after GC invocations=87 (full 0):
 garbage-first heap   total 495616K, used 117438K [0x0000000700000000, 0x0000000800000000)
  region size 2048K, 1 young (2048K), 1 survivors (2048K)
 Metaspace       used 129677K, committed 130496K, reserved 1179648K
  class space    used 16921K, committed 17280K, reserved 1048576K
}
Event: 372.307 GC heap before
{Heap before GC invocations=87 (full 0):
 garbage-first heap   total 495616K, used 139966K [0x0000000700000000, 0x0000000800000000)
  region size 2048K, 12 young (24576K), 1 survivors (2048K)
 Metaspace       used 129677K, committed 130496K, reserved 1179648K
  class space    used 16921K, committed 17280K, reserved 1048576K
}
Event: 372.310 GC heap after
{Heap after GC invocations=88 (full 0):
 garbage-first heap   total 495616K, used 117440K [0x0000000700000000, 0x0000000800000000)
  region size 2048K, 1 young (2048K), 1 survivors (2048K)
 Metaspace       used 129677K, committed 130496K, reserved 1179648K
  class space    used 16921K, committed 17280K, reserved 1048576K
}
Event: 372.804 GC heap before
{Heap before GC invocations=88 (full 0):
 garbage-first heap   total 495616K, used 139968K [0x0000000700000000, 0x0000000800000000)
  region size 2048K, 12 young (24576K), 1 survivors (2048K)
 Metaspace       used 129690K, committed 130496K, reserved 1179648K
  class space    used 16921K, committed 17280K, reserved 1048576K
}
Event: 372.807 GC heap after
{Heap after GC invocations=89 (full 0):
 garbage-first heap   total 495616K, used 117326K [0x0000000700000000, 0x0000000800000000)
  region size 2048K, 1 young (2048K), 1 survivors (2048K)
 Metaspace       used 129690K, committed 130496K, reserved 1179648K
  class space    used 16921K, committed 17280K, reserved 1048576K
}
Event: 377.343 GC heap before
{Heap before GC invocations=89 (full 0):
 garbage-first heap   total 495616K, used 215630K [0x0000000700000000, 0x0000000800000000)
  region size 2048K, 49 young (100352K), 1 survivors (2048K)
 Metaspace       used 129694K, committed 130496K, reserved 1179648K
  class space    used 16921K, committed 17280K, reserved 1048576K
}
Event: 377.397 GC heap after
{Heap after GC invocations=90 (full 0):
 garbage-first heap   total 495616K, used 117476K [0x0000000700000000, 0x0000000800000000)
  region size 2048K, 1 young (2048K), 1 survivors (2048K)
 Metaspace       used 129694K, committed 130496K, reserved 1179648K
  class space    used 16921K, committed 17280K, reserved 1048576K
}

