# JRE version: OpenJDK Runtime Environment Temurin-17.0.11+9 (17.0.11+9) (build 17.0.11+9)
# Java VM: OpenJDK 64-Bit Server VM Temurin-17.0.11+9 (17.0.11+9, mixed mode, tiered, compressed oops, compressed class ptrs, g1 gc, windows-amd64)
GC Precious Log:
 CPUs: 4 total, 4 available
 Memory: 3470M
 Large Page Support: Disabled
 NUMA Support: Disabled
 Compressed Oops: Enabled (Zero based)
 Heap Region Size: 2M
 Heap Min Capacity: 8M
 Heap Initial Capacity: 56M
 Heap Max Capacity: 4G
 Pre-touch: Disabled
 Parallel Workers: 4
 Concurrent Workers: 1
 Concurrent Refinement Workers: 4
 Periodic GC: Disabled
Heap:
 garbage-first heap   total 172032K, used 129139K [0x0000000700000000, 0x0000000800000000)
  region size 2048K, 27 young (55296K), 3 survivors (6144K)
 Metaspace       used 87952K, committed 88768K, reserved 1179648K
  class space    used 12146K, committed 12544K, reserved 1048576K
GC Heap History (20 events):
Event: 22.720 GC heap before
{Heap before GC invocations=34 (full 0):
 garbage-first heap   total 102400K, used 74611K [0x0000000700000000, 0x0000000800000000)
  region size 2048K, 10 young (20480K), 2 survivors (4096K)
 Metaspace       used 64866K, committed 65472K, reserved 1114112K
  class space    used 8977K, committed 9280K, reserved 1048576K
}
Event: 22.725 GC heap after
{Heap after GC invocations=35 (full 0):
 garbage-first heap   total 102400K, used 58779K [0x0000000700000000, 0x0000000800000000)
  region size 2048K, 1 young (2048K), 1 survivors (2048K)
 Metaspace       used 64866K, committed 65472K, reserved 1114112K
  class space    used 8977K, committed 9280K, reserved 1048576K
}
Event: 23.532 GC heap before
{Heap before GC invocations=36 (full 0):
 garbage-first heap   total 110592K, used 75163K [0x0000000700000000, 0x0000000800000000)
  region size 2048K, 10 young (20480K), 1 survivors (2048K)
 Metaspace       used 67490K, committed 68160K, reserved 1114112K
  class space    used 9280K, committed 9600K, reserved 1048576K
}
Event: 23.535 GC heap after
{Heap after GC invocations=37 (full 0):
 garbage-first heap   total 110592K, used 59403K [0x0000000700000000, 0x0000000800000000)
  region size 2048K, 1 young (2048K), 1 survivors (2048K)
 Metaspace       used 67490K, committed 68160K, reserved 1114112K
  class space    used 9280K, committed 9600K, reserved 1048576K
}
Event: 23.591 GC heap before
{Heap before GC invocations=37 (full 0):
 garbage-first heap   total 110592K, used 61451K [0x0000000700000000, 0x0000000800000000)
  region size 2048K, 2 young (4096K), 1 survivors (2048K)
 Metaspace       used 67826K, committed 68544K, reserved 1114112K
  class space    used 9312K, committed 9664K, reserved 1048576K
}
Event: 23.596 GC heap after
{Heap after GC invocations=38 (full 0):
 garbage-first heap   total 110592K, used 59164K [0x0000000700000000, 0x0000000800000000)
  region size 2048K, 1 young (2048K), 1 survivors (2048K)
 Metaspace       used 67826K, committed 68544K, reserved 1114112K
  class space    used 9312K, committed 9664K, reserved 1048576K
}
Event: 24.124 GC heap before
{Heap before GC invocations=38 (full 0):
 garbage-first heap   total 110592K, used 81692K [0x0000000700000000, 0x0000000800000000)
  region size 2048K, 13 young (26624K), 1 survivors (2048K)
 Metaspace       used 70383K, committed 70976K, reserved 1114112K
  class space    used 9622K, committed 9920K, reserved 1048576K
}
Event: 24.132 GC heap after
{Heap after GC invocations=39 (full 0):
 garbage-first heap   total 110592K, used 65105K [0x0000000700000000, 0x0000000800000000)
  region size 2048K, 2 young (4096K), 2 survivors (4096K)
 Metaspace       used 70383K, committed 70976K, reserved 1114112K
  class space    used 9622K, committed 9920K, reserved 1048576K
}
Event: 24.515 GC heap before
{Heap before GC invocations=40 (full 0):
 garbage-first heap   total 126976K, used 81489K [0x0000000700000000, 0x0000000800000000)
  region size 2048K, 11 young (22528K), 2 survivors (4096K)
 Metaspace       used 71545K, committed 72256K, reserved 1114112K
  class space    used 9783K, committed 10112K, reserved 1048576K
}
Event: 24.521 GC heap after
{Heap after GC invocations=41 (full 0):
 garbage-first heap   total 126976K, used 66563K [0x0000000700000000, 0x0000000800000000)
  region size 2048K, 1 young (2048K), 1 survivors (2048K)
 Metaspace       used 71545K, committed 72256K, reserved 1114112K
  class space    used 9783K, committed 10112K, reserved 1048576K
}
Event: 25.497 GC heap before
{Heap before GC invocations=41 (full 0):
 garbage-first heap   total 126976K, used 97283K [0x0000000700000000, 0x0000000800000000)
  region size 2048K, 16 young (32768K), 1 survivors (2048K)
 Metaspace       used 73779K, committed 74432K, reserved 1114112K
  class space    used 10029K, committed 10368K, reserved 1048576K
}
Event: 25.505 GC heap after
{Heap after GC invocations=42 (full 0):
 garbage-first heap   total 172032K, used 68719K [0x0000000700000000, 0x0000000800000000)
  region size 2048K, 2 young (4096K), 2 survivors (4096K)
 Metaspace       used 73779K, committed 74432K, reserved 1114112K
  class space    used 10029K, committed 10368K, reserved 1048576K
}
Event: 26.854 GC heap before
{Heap before GC invocations=43 (full 0):
 garbage-first heap   total 172032K, used 132207K [0x0000000700000000, 0x0000000800000000)
  region size 2048K, 33 young (67584K), 2 survivors (4096K)
 Metaspace       used 77002K, committed 77696K, reserved 1179648K
  class space    used 10473K, committed 10816K, reserved 1048576K
}
Event: 26.864 GC heap after
{Heap after GC invocations=44 (full 0):
 garbage-first heap   total 172032K, used 72082K [0x0000000700000000, 0x0000000800000000)
  region size 2048K, 4 young (8192K), 4 survivors (8192K)
 Metaspace       used 77002K, committed 77696K, reserved 1179648K
  class space    used 10473K, committed 10816K, reserved 1048576K
}
Event: 28.128 GC heap before
{Heap before GC invocations=44 (full 0):
 garbage-first heap   total 172032K, used 133522K [0x0000000700000000, 0x0000000800000000)
  region size 2048K, 34 young (69632K), 4 survivors (8192K)
 Metaspace       used 79204K, committed 79936K, reserved 1179648K
  class space    used 10744K, committed 11072K, reserved 1048576K
}
Event: 28.140 GC heap after
{Heap after GC invocations=45 (full 0):
 garbage-first heap   total 172032K, used 74710K [0x0000000700000000, 0x0000000800000000)
  region size 2048K, 4 young (8192K), 4 survivors (8192K)
 Metaspace       used 79204K, committed 79936K, reserved 1179648K
  class space    used 10744K, committed 11072K, reserved 1048576K
}
Event: 29.328 GC heap before
{Heap before GC invocations=45 (full 0):
 garbage-first heap   total 172032K, used 136150K [0x0000000700000000, 0x0000000800000000)
  region size 2048K, 34 young (69632K), 4 survivors (8192K)
 Metaspace       used 82558K, committed 83328K, reserved 1179648K
  class space    used 11283K, committed 11584K, reserved 1048576K
}
Event: 29.341 GC heap after
{Heap after GC invocations=46 (full 0):
 garbage-first heap   total 172032K, used 79089K [0x0000000700000000, 0x0000000800000000)
  region size 2048K, 4 young (8192K), 4 survivors (8192K)
 Metaspace       used 82558K, committed 83328K, reserved 1179648K
  class space    used 11283K, committed 11584K, reserved 1048576K
}
Event: 30.585 GC heap before
{Heap before GC invocations=46 (full 0):
 garbage-first heap   total 172032K, used 136433K [0x0000000700000000, 0x0000000800000000)
  region size 2048K, 32 young (65536K), 4 survivors (8192K)
 Metaspace       used 85995K, committed 86784K, reserved 1179648K
  class space    used 11842K, committed 12160K, reserved 1048576K
}
Event: 30.600 GC heap after
{Heap after GC invocations=47 (full 0):
 garbage-first heap   total 172032K, used 84083K [0x0000000700000000, 0x0000000800000000)
  region size 2048K, 3 young (6144K), 3 survivors (6144K)
 Metaspace       used 85995K, committed 86784K, reserved 1179648K
  class space    used 11842K, committed 12160K, reserved 1048576K
}

